[28-Mar-2025 13:36:15 UTC] get_gad_proposal.php accessed at 2025-03-28 13:36:15
[28-Mar-2025 13:36:15 UTC] GET params: Array
(
    [id] => 11
)

[28-Mar-2025 13:39:25 UTC] get_gad_proposal.php accessed at 2025-03-28 13:39:25
[28-Mar-2025 13:39:25 UTC] GET params: Array
(
    [id] => 11
)

[28-Mar-2025 13:51:19 UTC] get_gad_proposal.php accessed at 2025-03-28 13:51:19
[28-Mar-2025 13:51:19 UTC] GET params: Array
(
    [id] => 11
)

[28-Mar-2025 13:51:19 UTC] PHP Warning:  Cannot modify header information - headers already sent by (output started at C:\wamp64\www\NEW_GAD_systemMarch 17\ppas_proposal\test_api2.php:7) in C:\wamp64\www\NEW_GAD_systemMarch 17\ppas_proposal\get_gad_proposal.php on line 13
[28-Mar-2025 13:51:19 UTC] PHP Stack trace:
[28-Mar-2025 13:51:19 UTC] PHP   1. {main}() C:\wamp64\www\NEW_GAD_systemMarch 17\ppas_proposal\test_api2.php:0
[28-Mar-2025 13:51:19 UTC] PHP   2. include() C:\wamp64\www\NEW_GAD_systemMarch 17\ppas_proposal\test_api2.php:41
[28-Mar-2025 13:51:19 UTC] PHP   3. header($header = 'Content-Type: application/json') C:\wamp64\www\NEW_GAD_systemMarch 17\ppas_proposal\get_gad_proposal.php:13
[28-Mar-2025 13:51:19 UTC] PHP Warning:  Cannot modify header information - headers already sent by (output started at C:\wamp64\www\NEW_GAD_systemMarch 17\ppas_proposal\test_api2.php:7) in C:\wamp64\www\NEW_GAD_systemMarch 17\ppas_proposal\get_gad_proposal.php on line 14
[28-Mar-2025 13:51:19 UTC] PHP Stack trace:
[28-Mar-2025 13:51:19 UTC] PHP   1. {main}() C:\wamp64\www\NEW_GAD_systemMarch 17\ppas_proposal\test_api2.php:0
[28-Mar-2025 13:51:19 UTC] PHP   2. include() C:\wamp64\www\NEW_GAD_systemMarch 17\ppas_proposal\test_api2.php:41
[28-Mar-2025 13:51:19 UTC] PHP   3. header($header = 'Access-Control-Allow-Origin: *') C:\wamp64\www\NEW_GAD_systemMarch 17\ppas_proposal\get_gad_proposal.php:14
[28-Mar-2025 13:51:19 UTC] PHP Warning:  Cannot modify header information - headers already sent by (output started at C:\wamp64\www\NEW_GAD_systemMarch 17\ppas_proposal\test_api2.php:7) in C:\wamp64\www\NEW_GAD_systemMarch 17\ppas_proposal\get_gad_proposal.php on line 15
[28-Mar-2025 13:51:19 UTC] PHP Stack trace:
[28-Mar-2025 13:51:19 UTC] PHP   1. {main}() C:\wamp64\www\NEW_GAD_systemMarch 17\ppas_proposal\test_api2.php:0
[28-Mar-2025 13:51:19 UTC] PHP   2. include() C:\wamp64\www\NEW_GAD_systemMarch 17\ppas_proposal\test_api2.php:41
[28-Mar-2025 13:51:19 UTC] PHP   3. header($header = 'Access-Control-Allow-Methods: GET') C:\wamp64\www\NEW_GAD_systemMarch 17\ppas_proposal\get_gad_proposal.php:15
[28-Mar-2025 13:51:19 UTC] Processing request for proposal ID: 11
[28-Mar-2025 13:53:43 UTC] get_gad_proposal.php accessed at 2025-03-28 13:53:43
[28-Mar-2025 13:53:43 UTC] GET params: Array
(
    [id] => 11
)

[28-Mar-2025 13:58:58 UTC] get_gad_proposal.php accessed at 2025-03-28 13:58:58
[28-Mar-2025 13:58:58 UTC] GET params: Array
(
    [id] => 11
)

[28-Mar-2025 13:59:07 UTC] get_gad_proposal.php accessed at 2025-03-28 13:59:07
[28-Mar-2025 13:59:07 UTC] GET params: Array
(
    [id] => 11
)

[28-Mar-2025 13:59:20 UTC] get_gad_proposal.php accessed at 2025-03-28 13:59:20
[28-Mar-2025 13:59:20 UTC] GET params: Array
(
    [id] => 11
)

[28-Mar-2025 13:59:38 UTC] get_gad_proposal.php accessed at 2025-03-28 13:59:38
[28-Mar-2025 13:59:38 UTC] GET params: Array
(
    [id] => 11
)

[28-Mar-2025 14:00:01 UTC] get_gad_proposal.php accessed at 2025-03-28 14:00:01
[28-Mar-2025 14:00:01 UTC] GET params: Array
(
    [id] => 11
)

[28-Mar-2025 14:00:17 UTC] get_gad_proposal.php accessed at 2025-03-28 14:00:17
[28-Mar-2025 14:00:17 UTC] GET params: Array
(
    [id] => 10
)

[28-Mar-2025 14:00:32 UTC] get_gad_proposal.php accessed at 2025-03-28 14:00:32
[28-Mar-2025 14:00:32 UTC] GET params: Array
(
    [id] => 9
)

[28-Mar-2025 14:00:53 UTC] get_gad_proposal.php accessed at 2025-03-28 14:00:53
[28-Mar-2025 14:00:53 UTC] GET params: Array
(
    [id] => 10
)

[28-Mar-2025 14:01:03 UTC] get_gad_proposal.php accessed at 2025-03-28 14:01:03
[28-Mar-2025 14:01:03 UTC] GET params: Array
(
    [id] => 9
)

[28-Mar-2025 14:02:28 UTC] get_gad_proposal.php accessed at 2025-03-28 14:02:28
[28-Mar-2025 14:02:28 UTC] GET params: Array
(
    [id] => 9
)

[28-Mar-2025 14:02:30 UTC] get_gad_proposal.php accessed at 2025-03-28 14:02:30
[28-Mar-2025 14:02:30 UTC] GET params: Array
(
    [id] => 9
)

[29-Mar-2025 03:06:17 UTC] Accessing get_gad_proposal.php at 2025-03-29 03:06:17
[29-Mar-2025 03:06:17 UTC] db_connection.php loaded successfully
[29-Mar-2025 03:06:17 UTC] Fetching proposal with ID: 13
[29-Mar-2025 03:06:17 UTC] Request processing completed
[29-Mar-2025 03:06:31 UTC] Accessing get_gad_proposal.php at 2025-03-29 03:06:31
[29-Mar-2025 03:06:31 UTC] db_connection.php loaded successfully
[29-Mar-2025 03:06:31 UTC] Fetching proposal with ID: 13
[29-Mar-2025 03:06:31 UTC] Request processing completed
[29-Mar-2025 03:07:21 UTC] Accessing get_gad_proposal.php at 2025-03-29 03:07:21
[29-Mar-2025 03:07:21 UTC] db_connection.php loaded successfully
[29-Mar-2025 03:07:21 UTC] Fetching proposal with ID: 13
[29-Mar-2025 03:07:21 UTC] Request processing completed
[29-Mar-2025 03:15:45 UTC] Accessing get_gad_proposal.php at 2025-03-29 03:15:45
[29-Mar-2025 03:15:45 UTC] db_connection.php loaded successfully
[29-Mar-2025 03:15:45 UTC] Fetching proposal with ID: 13
[29-Mar-2025 03:15:45 UTC] Request processing completed
[29-Mar-2025 03:34:22 UTC] Accessing get_gad_proposal.php at 2025-03-29 03:34:22
[29-Mar-2025 03:34:22 UTC] db_connection.php loaded successfully
[29-Mar-2025 03:34:22 UTC] Fetching proposal with ID: 0
[29-Mar-2025 03:34:22 UTC] No proposal found with ID: 0
[29-Mar-2025 03:43:00 UTC] Accessing get_gad_proposal.php at 2025-03-29 03:43:00
[29-Mar-2025 03:43:00 UTC] db_connection.php loaded successfully
[29-Mar-2025 03:43:00 UTC] Fetching proposal with ID: 0
[29-Mar-2025 03:43:00 UTC] No proposal found with ID: 0


--- 2025-03-29 04:22:52 ---
REQUEST METHOD: POST
SESSION: Array
(
    [username] => Lipa
    [user_id] => 1
    [campus] => Lipa
)

SESSION data: Array
(
    [username] => Lipa
    [user_id] => 1
    [campus] => Lipa
)

Database connection successful


--- 2025-03-29 04:22:53 ---
REQUEST METHOD: POST
SESSION: Array
(
    [username] => Lipa
    [user_id] => 1
    [campus] => Lipa
)

SESSION data: Array
(
    [username] => Lipa
    [user_id] => 1
    [campus] => Lipa
)

Database connection successful


--- 2025-03-29 04:22:53 ---
REQUEST METHOD: POST
SESSION: Array
(
    [username] => Lipa
    [user_id] => 1
    [campus] => Lipa
)

SESSION data: Array
(
    [username] => Lipa
    [user_id] => 1
    [campus] => Lipa
)

Database connection successful
[29-Mar-2025 04:23:19 UTC] Accessing get_gad_proposal.php at 2025-03-29 04:23:19
[29-Mar-2025 04:23:19 UTC] db_connection.php loaded successfully
[29-Mar-2025 04:23:19 UTC] Fetching proposal with ID: 0
[29-Mar-2025 04:23:19 UTC] No proposal found with ID: 0
[29-Mar-2025 06:17:58 UTC] Accessing get_gad_proposal.php at 2025-03-29 06:17:58
[29-Mar-2025 06:17:58 UTC] db_connection.php loaded successfully
[29-Mar-2025 06:17:58 UTC] Fetching proposal with ID: 0
[29-Mar-2025 06:17:58 UTC] No proposal found with ID: 0
[29-Mar-2025 06:29:14 UTC] Accessing get_gad_proposal.php at 2025-03-29 06:29:14
[29-Mar-2025 06:29:14 UTC] db_connection.php loaded successfully
[29-Mar-2025 06:29:14 UTC] Fetching proposal with ID: 17
[29-Mar-2025 06:29:14 UTC] Request processing completed
[29-Mar-2025 06:29:15 UTC] Accessing get_gad_proposal.php at 2025-03-29 06:29:15
[29-Mar-2025 06:29:15 UTC] db_connection.php loaded successfully
[29-Mar-2025 06:29:15 UTC] Fetching proposal with ID: 17
[29-Mar-2025 06:29:15 UTC] Request processing completed
[29-Mar-2025 06:36:11 UTC] Accessing get_gad_proposal.php at 2025-03-29 06:36:11
[29-Mar-2025 06:36:11 UTC] db_connection.php loaded successfully
[29-Mar-2025 06:36:11 UTC] Fetching proposal with ID: 17
[29-Mar-2025 06:36:11 UTC] Request processing completed
[29-Mar-2025 06:36:15 UTC] Accessing get_gad_proposal.php at 2025-03-29 06:36:15
[29-Mar-2025 06:36:15 UTC] db_connection.php loaded successfully
[29-Mar-2025 06:36:15 UTC] Fetching proposal with ID: 17
[29-Mar-2025 06:36:15 UTC] Request processing completed
[29-Mar-2025 06:36:26 UTC] Accessing get_gad_proposal.php at 2025-03-29 06:36:26
[29-Mar-2025 06:36:26 UTC] db_connection.php loaded successfully
[29-Mar-2025 06:36:26 UTC] Fetching proposal with ID: 17
[29-Mar-2025 06:36:26 UTC] Request processing completed
[29-Mar-2025 06:36:42 UTC] Accessing get_gad_proposal.php at 2025-03-29 06:36:42
[29-Mar-2025 06:36:42 UTC] db_connection.php loaded successfully
[29-Mar-2025 06:36:42 UTC] Fetching proposal with ID: 17
[29-Mar-2025 06:36:42 UTC] Request processing completed
[29-Mar-2025 06:36:43 UTC] Accessing get_gad_proposal.php at 2025-03-29 06:36:43
[29-Mar-2025 06:36:43 UTC] db_connection.php loaded successfully
[29-Mar-2025 06:36:43 UTC] Fetching proposal with ID: 17
[29-Mar-2025 06:36:43 UTC] Request processing completed
[29-Mar-2025 06:36:43 UTC] Accessing get_gad_proposal.php at 2025-03-29 06:36:43
[29-Mar-2025 06:36:43 UTC] db_connection.php loaded successfully
[29-Mar-2025 06:36:43 UTC] Fetching proposal with ID: 17
[29-Mar-2025 06:36:44 UTC] Request processing completed
[29-Mar-2025 06:36:44 UTC] Accessing get_gad_proposal.php at 2025-03-29 06:36:44
[29-Mar-2025 06:36:44 UTC] db_connection.php loaded successfully
[29-Mar-2025 06:36:44 UTC] Fetching proposal with ID: 17
[29-Mar-2025 06:36:44 UTC] Request processing completed
[29-Mar-2025 06:36:44 UTC] Accessing get_gad_proposal.php at 2025-03-29 06:36:44
[29-Mar-2025 06:36:44 UTC] db_connection.php loaded successfully
[29-Mar-2025 06:36:44 UTC] Fetching proposal with ID: 17
[29-Mar-2025 06:36:44 UTC] Request processing completed
[29-Mar-2025 06:40:12 UTC] Accessing get_gad_proposal.php at 2025-03-29 06:40:12
[29-Mar-2025 06:40:12 UTC] db_connection.php loaded successfully
[29-Mar-2025 06:40:12 UTC] Fetching proposal with ID: 17
[29-Mar-2025 06:40:13 UTC] Request processing completed
[29-Mar-2025 06:40:40 UTC] Accessing get_gad_proposal.php at 2025-03-29 06:40:40
[29-Mar-2025 06:40:40 UTC] db_connection.php loaded successfully
[29-Mar-2025 06:40:40 UTC] Fetching proposal with ID: 17
[29-Mar-2025 06:40:40 UTC] Request processing completed
[29-Mar-2025 06:40:40 UTC] Accessing get_gad_proposal.php at 2025-03-29 06:40:40
[29-Mar-2025 06:40:40 UTC] db_connection.php loaded successfully
[29-Mar-2025 06:40:40 UTC] Fetching proposal with ID: 17
[29-Mar-2025 06:40:40 UTC] Request processing completed
[29-Mar-2025 06:40:44 UTC] Accessing get_gad_proposal.php at 2025-03-29 06:40:44
[29-Mar-2025 06:40:44 UTC] db_connection.php loaded successfully
[29-Mar-2025 06:40:44 UTC] Fetching proposal with ID: 17
[29-Mar-2025 06:40:44 UTC] Request processing completed
[29-Mar-2025 06:40:45 UTC] Accessing get_gad_proposal.php at 2025-03-29 06:40:45
[29-Mar-2025 06:40:45 UTC] db_connection.php loaded successfully
[29-Mar-2025 06:40:45 UTC] Fetching proposal with ID: 17
[29-Mar-2025 06:40:45 UTC] Request processing completed
[29-Mar-2025 06:40:45 UTC] Accessing get_gad_proposal.php at 2025-03-29 06:40:45
[29-Mar-2025 06:40:45 UTC] db_connection.php loaded successfully
[29-Mar-2025 06:40:45 UTC] Fetching proposal with ID: 17
[29-Mar-2025 06:40:45 UTC] Request processing completed
[29-Mar-2025 06:40:45 UTC] Accessing get_gad_proposal.php at 2025-03-29 06:40:45
[29-Mar-2025 06:40:45 UTC] db_connection.php loaded successfully
[29-Mar-2025 06:40:45 UTC] Fetching proposal with ID: 17
[29-Mar-2025 06:40:45 UTC] Request processing completed
[29-Mar-2025 06:40:46 UTC] Accessing get_gad_proposal.php at 2025-03-29 06:40:46
[29-Mar-2025 06:40:46 UTC] db_connection.php loaded successfully
[29-Mar-2025 06:40:46 UTC] Fetching proposal with ID: 17
[29-Mar-2025 06:40:46 UTC] Request processing completed
[29-Mar-2025 06:55:46 UTC] Accessing get_gad_proposal.php at 2025-03-29 06:55:46
[29-Mar-2025 06:55:46 UTC] db_connection.php loaded successfully
[29-Mar-2025 06:55:46 UTC] Fetching proposal with ID: 17
[29-Mar-2025 06:55:47 UTC] Request processing completed
[29-Mar-2025 06:56:13 UTC] Accessing get_gad_proposal.php at 2025-03-29 06:56:13
[29-Mar-2025 06:56:13 UTC] db_connection.php loaded successfully
[29-Mar-2025 06:56:13 UTC] Fetching proposal with ID: 17
[29-Mar-2025 06:56:13 UTC] Request processing completed
[29-Mar-2025 06:56:14 UTC] Accessing get_gad_proposal.php at 2025-03-29 06:56:14
[29-Mar-2025 06:56:14 UTC] db_connection.php loaded successfully
[29-Mar-2025 06:56:14 UTC] Fetching proposal with ID: 17
[29-Mar-2025 06:56:14 UTC] Request processing completed
[29-Mar-2025 06:56:21 UTC] Accessing get_gad_proposal.php at 2025-03-29 06:56:21
[29-Mar-2025 06:56:21 UTC] db_connection.php loaded successfully
[29-Mar-2025 06:56:21 UTC] Fetching proposal with ID: 17
[29-Mar-2025 06:56:21 UTC] Request processing completed
[29-Mar-2025 06:57:34 UTC] Accessing get_gad_proposal.php at 2025-03-29 06:57:34
[29-Mar-2025 06:57:34 UTC] db_connection.php loaded successfully
[29-Mar-2025 06:57:34 UTC] Fetching proposal with ID: 17
[29-Mar-2025 06:57:34 UTC] Request processing completed
[29-Mar-2025 06:57:42 UTC] Accessing get_gad_proposal.php at 2025-03-29 06:57:42
[29-Mar-2025 06:57:42 UTC] db_connection.php loaded successfully
[29-Mar-2025 06:57:42 UTC] Fetching proposal with ID: 18
[29-Mar-2025 06:57:42 UTC] Request processing completed
[29-Mar-2025 06:57:48 UTC] Accessing get_gad_proposal.php at 2025-03-29 06:57:48
[29-Mar-2025 06:57:48 UTC] db_connection.php loaded successfully
[29-Mar-2025 06:57:48 UTC] Fetching proposal with ID: 17
[29-Mar-2025 06:57:48 UTC] Request processing completed
[29-Mar-2025 06:58:32 UTC] Accessing get_gad_proposal.php at 2025-03-29 06:58:32
[29-Mar-2025 06:58:32 UTC] db_connection.php loaded successfully
[29-Mar-2025 06:58:32 UTC] Fetching proposal with ID: 18
[29-Mar-2025 06:58:32 UTC] Request processing completed
[29-Mar-2025 06:58:45 UTC] Accessing get_gad_proposal.php at 2025-03-29 06:58:45
[29-Mar-2025 06:58:45 UTC] db_connection.php loaded successfully
[29-Mar-2025 06:58:45 UTC] Fetching proposal with ID: 17
[29-Mar-2025 06:58:45 UTC] Request processing completed
[29-Mar-2025 06:59:29 UTC] Accessing get_gad_proposal.php at 2025-03-29 06:59:29
[29-Mar-2025 06:59:29 UTC] db_connection.php loaded successfully
[29-Mar-2025 06:59:29 UTC] Fetching proposal with ID: 17
[29-Mar-2025 06:59:29 UTC] Request processing completed
[29-Mar-2025 07:21:09 UTC] Accessing get_gad_proposal.php at 2025-03-29 07:21:09
[29-Mar-2025 07:21:09 UTC] db_connection.php loaded successfully
[29-Mar-2025 07:21:09 UTC] Fetching proposal with ID: 17
[29-Mar-2025 07:21:09 UTC] Request processing completed
[29-Mar-2025 07:22:07 UTC] Accessing get_gad_proposal.php at 2025-03-29 07:22:07
[29-Mar-2025 07:22:07 UTC] db_connection.php loaded successfully
[29-Mar-2025 07:22:07 UTC] Fetching proposal with ID: 10
[29-Mar-2025 07:22:07 UTC] Request processing completed


--- 2025-03-29 07:22:44 ---
REQUEST METHOD: POST
SESSION: Array
(
    [username] => Lipa
    [user_id] => 1
    [campus] => Lipa
)

SESSION data: Array
(
    [username] => Lipa
    [user_id] => 1
    [campus] => Lipa
)

Database connection successful


--- 2025-03-29 07:22:44 ---
REQUEST METHOD: POST
SESSION: Array
(
    [username] => Lipa
    [user_id] => 1
    [campus] => Lipa
)

SESSION data: Array
(
    [username] => Lipa
    [user_id] => 1
    [campus] => Lipa
)

Database connection successful


--- 2025-03-29 07:22:44 ---
REQUEST METHOD: POST
SESSION: Array
(
    [username] => Lipa
    [user_id] => 1
    [campus] => Lipa
)

SESSION data: Array
(
    [username] => Lipa
    [user_id] => 1
    [campus] => Lipa
)

Database connection successful
[29-Mar-2025 07:27:38 UTC] Accessing get_gad_proposal.php at 2025-03-29 07:27:38
[29-Mar-2025 07:27:38 UTC] db_connection.php loaded successfully
[29-Mar-2025 07:27:38 UTC] Fetching proposal with ID: 17
[29-Mar-2025 07:27:38 UTC] Request processing completed
[29-Mar-2025 07:45:06 UTC] Accessing get_gad_proposal.php at 2025-03-29 07:45:06
[29-Mar-2025 07:45:06 UTC] db_connection.php loaded successfully
[29-Mar-2025 07:45:06 UTC] Fetching proposal with ID: 12
[29-Mar-2025 07:45:06 UTC] Request processing completed
[30-Mar-2025 10:34:33 UTC] Accessing get_gad_proposal.php at 2025-03-30 10:34:33
[30-Mar-2025 10:34:33 UTC] db_connection.php loaded successfully
[30-Mar-2025 10:34:33 UTC] Fetching proposal with ID: 10
[30-Mar-2025 10:34:33 UTC] Request processing completed
[31-Mar-2025 00:03:37 UTC] Accessing get_gad_proposal.php at 2025-03-31 00:03:37
[31-Mar-2025 00:03:37 UTC] db_connection.php loaded successfully
[31-Mar-2025 00:03:37 UTC] Fetching proposal with ID: 10
[31-Mar-2025 00:03:37 UTC] Request processing completed
[31-Mar-2025 00:04:11 UTC] Accessing get_gad_proposal.php at 2025-03-31 00:04:11
[31-Mar-2025 00:04:11 UTC] db_connection.php loaded successfully
[31-Mar-2025 00:04:11 UTC] Fetching proposal with ID: 9
[31-Mar-2025 00:04:11 UTC] Request processing completed


--- 2025-03-31 00:35:20 ---
REQUEST METHOD: POST
SESSION: Array
(
    [username] => Lipa
    [user_id] => 1
    [role] => 
    [campus] => Lipa
)

SESSION data: Array
(
    [username] => Lipa
    [user_id] => 1
    [role] => 
    [campus] => Lipa
)

Database connection successful


--- 2025-03-31 00:35:20 ---
REQUEST METHOD: POST
SESSION: Array
(
    [username] => Lipa
    [user_id] => 1
    [role] => 
    [campus] => Lipa
)

SESSION data: Array
(
    [username] => Lipa
    [user_id] => 1
    [role] => 
    [campus] => Lipa
)

Database connection successful


--- 2025-03-31 00:35:20 ---
REQUEST METHOD: POST
SESSION: Array
(
    [username] => Lipa
    [user_id] => 1
    [role] => 
    [campus] => Lipa
)

SESSION data: Array
(
    [username] => Lipa
    [user_id] => 1
    [role] => 
    [campus] => Lipa
)

Database connection successful
[31-Mar-2025 01:15:02 UTC] Accessing get_gad_proposal.php at 2025-03-31 01:15:02
[31-Mar-2025 01:15:02 UTC] db_connection.php loaded successfully
[31-Mar-2025 01:15:02 UTC] Fetching proposal with ID: 20
[31-Mar-2025 01:15:02 UTC] Request processing completed
[31-Mar-2025 01:15:11 UTC] Accessing get_gad_proposal.php at 2025-03-31 01:15:11
[31-Mar-2025 01:15:11 UTC] db_connection.php loaded successfully
[31-Mar-2025 01:15:11 UTC] Fetching proposal with ID: 19
[31-Mar-2025 01:15:11 UTC] Request processing completed
[31-Mar-2025 01:16:15 UTC] Accessing get_gad_proposal.php at 2025-03-31 01:16:15
[31-Mar-2025 01:16:15 UTC] db_connection.php loaded successfully
[31-Mar-2025 01:16:15 UTC] Fetching proposal with ID: 21
[31-Mar-2025 01:16:15 UTC] Request processing completed


--- 2025-04-02 05:10:03 ---
REQUEST METHOD: POST
SESSION: Array
(
    [username] => Lipa
    [user_id] => 1
)

SESSION data: Array
(
    [username] => Lipa
    [user_id] => 1
)

Database connection successful


--- 2025-04-02 05:10:03 ---
REQUEST METHOD: POST
SESSION: Array
(
    [username] => Lipa
    [user_id] => 1
)

SESSION data: Array
(
    [username] => Lipa
    [user_id] => 1
)

Database connection successful


--- 2025-04-02 05:10:03 ---
REQUEST METHOD: POST
SESSION: Array
(
    [username] => Lipa
    [user_id] => 1
)

SESSION data: Array
(
    [username] => Lipa
    [user_id] => 1
)

Database connection successful
[02-Apr-2025 05:10:13 UTC] Accessing get_gad_proposal.php at 2025-04-02 05:10:13
[02-Apr-2025 05:10:13 UTC] db_connection.php loaded successfully
[02-Apr-2025 05:10:13 UTC] Fetching proposal with ID: 19
[02-Apr-2025 05:10:14 UTC] Request processing completed


--- 2025-04-02 05:10:49 ---
REQUEST METHOD: POST
SESSION: Array
(
    [username] => Lipa
    [user_id] => 1
    [campus] => Lipa
)

SESSION data: Array
(
    [username] => Lipa
    [user_id] => 1
    [campus] => Lipa
)

Database connection successful


--- 2025-04-02 05:10:49 ---
REQUEST METHOD: POST
SESSION: Array
(
    [username] => Lipa
    [user_id] => 1
    [campus] => Lipa
)

SESSION data: Array
(
    [username] => Lipa
    [user_id] => 1
    [campus] => Lipa
)

Database connection successful


--- 2025-04-02 05:10:49 ---
REQUEST METHOD: POST
SESSION: Array
(
    [username] => Lipa
    [user_id] => 1
    [campus] => Lipa
)

SESSION data: Array
(
    [username] => Lipa
    [user_id] => 1
    [campus] => Lipa
)

Database connection successful
[02-Apr-2025 05:13:25 UTC] Accessing get_gad_proposal.php at 2025-04-02 05:13:25
[02-Apr-2025 05:13:25 UTC] db_connection.php loaded successfully
[02-Apr-2025 05:13:25 UTC] Fetching proposal with ID: 8
[02-Apr-2025 05:13:25 UTC] Request processing completed
[02-Apr-2025 05:14:17 UTC] Accessing get_gad_proposal.php at 2025-04-02 05:14:17
[02-Apr-2025 05:14:17 UTC] db_connection.php loaded successfully
[02-Apr-2025 05:14:17 UTC] Fetching proposal with ID: 7
[02-Apr-2025 05:14:17 UTC] Request processing completed
[02-Apr-2025 05:44:36 UTC] Accessing get_gad_proposal.php at 2025-04-02 05:44:36
[02-Apr-2025 05:44:36 UTC] db_connection.php loaded successfully
[02-Apr-2025 05:44:36 UTC] Fetching proposal with ID: 20
[02-Apr-2025 05:44:36 UTC] Request processing completed
[02-Apr-2025 05:47:13 UTC] Accessing get_gad_proposal.php at 2025-04-02 05:47:13
[02-Apr-2025 05:47:13 UTC] db_connection.php loaded successfully
[02-Apr-2025 05:47:13 UTC] Fetching proposal with ID: 20
[02-Apr-2025 05:47:13 UTC] Request processing completed
[02-Apr-2025 05:50:09 UTC] Accessing get_gad_proposal.php at 2025-04-02 05:50:09
[02-Apr-2025 05:50:09 UTC] db_connection.php loaded successfully
[02-Apr-2025 05:50:09 UTC] Fetching proposal with ID: 21
[02-Apr-2025 05:50:09 UTC] Request processing completed


--- 2025-04-02 05:51:07 ---
REQUEST METHOD: POST
SESSION: Array
(
    [username] => Lipa
    [user_id] => 1
    [campus] => Lipa
)

SESSION data: Array
(
    [username] => Lipa
    [user_id] => 1
    [campus] => Lipa
)

Database connection successful


--- 2025-04-02 05:51:07 ---
REQUEST METHOD: POST
SESSION: Array
(
    [username] => Lipa
    [user_id] => 1
    [campus] => Lipa
)

SESSION data: Array
(
    [username] => Lipa
    [user_id] => 1
    [campus] => Lipa
)

Database connection successful


--- 2025-04-02 05:51:07 ---
REQUEST METHOD: POST
SESSION: Array
(
    [username] => Lipa
    [user_id] => 1
    [campus] => Lipa
)

SESSION data: Array
(
    [username] => Lipa
    [user_id] => 1
    [campus] => Lipa
)

Database connection successful
[02-Apr-2025 05:51:41 UTC] Accessing get_gad_proposal.php at 2025-04-02 05:51:41
[02-Apr-2025 05:51:41 UTC] db_connection.php loaded successfully
[02-Apr-2025 05:51:41 UTC] Fetching proposal with ID: 20
[02-Apr-2025 05:51:41 UTC] Request processing completed
[02-Apr-2025 06:09:07 UTC] Accessing get_gad_proposal.php at 2025-04-02 06:09:07
[02-Apr-2025 06:09:07 UTC] db_connection.php loaded successfully
[02-Apr-2025 06:09:07 UTC] Fetching proposal with ID: 20
[02-Apr-2025 06:09:07 UTC] Request processing completed
[02-Apr-2025 06:09:31 UTC] Accessing get_gad_proposal.php at 2025-04-02 06:09:31
[02-Apr-2025 06:09:31 UTC] db_connection.php loaded successfully
[02-Apr-2025 06:09:31 UTC] Fetching proposal with ID: 20
[02-Apr-2025 06:09:31 UTC] Request processing completed
[02-Apr-2025 06:11:16 UTC] Accessing get_gad_proposal.php at 2025-04-02 06:11:16
[02-Apr-2025 06:11:16 UTC] db_connection.php loaded successfully
[02-Apr-2025 06:11:16 UTC] Fetching proposal with ID: 20
[02-Apr-2025 06:11:16 UTC] Request processing completed
[02-Apr-2025 06:22:11 UTC] Accessing get_gad_proposal.php at 2025-04-02 06:22:11
[02-Apr-2025 06:22:11 UTC] db_connection.php loaded successfully
[02-Apr-2025 06:22:11 UTC] Fetching proposal with ID: 20
[02-Apr-2025 06:22:11 UTC] Request processing completed


--- 2025-04-02 06:22:28 ---
REQUEST METHOD: POST
SESSION: Array
(
    [username] => Lipa
    [user_id] => 1
    [campus] => Lipa
)

SESSION data: Array
(
    [username] => Lipa
    [user_id] => 1
    [campus] => Lipa
)

Database connection successful


--- 2025-04-02 06:22:28 ---
REQUEST METHOD: POST
SESSION: Array
(
    [username] => Lipa
    [user_id] => 1
    [campus] => Lipa
)

SESSION data: Array
(
    [username] => Lipa
    [user_id] => 1
    [campus] => Lipa
)

Database connection successful


--- 2025-04-02 06:22:28 ---
REQUEST METHOD: POST
SESSION: Array
(
    [username] => Lipa
    [user_id] => 1
    [campus] => Lipa
)

SESSION data: Array
(
    [username] => Lipa
    [user_id] => 1
    [campus] => Lipa
)

Database connection successful
[02-Apr-2025 06:24:26 UTC] Accessing get_gad_proposal.php at 2025-04-02 06:24:26
[02-Apr-2025 06:24:26 UTC] db_connection.php loaded successfully
[02-Apr-2025 06:24:26 UTC] Fetching proposal with ID: 20
[02-Apr-2025 06:24:26 UTC] Request processing completed


--- 2025-04-02 06:24:42 ---
REQUEST METHOD: POST
SESSION: Array
(
    [username] => Lipa
    [user_id] => 1
    [campus] => Lipa
)

SESSION data: Array
(
    [username] => Lipa
    [user_id] => 1
    [campus] => Lipa
)

Database connection successful


--- 2025-04-02 06:24:42 ---
REQUEST METHOD: POST
SESSION: Array
(
    [username] => Lipa
    [user_id] => 1
    [campus] => Lipa
)

SESSION data: Array
(
    [username] => Lipa
    [user_id] => 1
    [campus] => Lipa
)

Database connection successful


--- 2025-04-02 06:24:42 ---
REQUEST METHOD: POST
SESSION: Array
(
    [username] => Lipa
    [user_id] => 1
    [campus] => Lipa
)

SESSION data: Array
(
    [username] => Lipa
    [user_id] => 1
    [campus] => Lipa
)

Database connection successful
[02-Apr-2025 06:27:02 UTC] Accessing get_gad_proposal.php at 2025-04-02 06:27:02
[02-Apr-2025 06:27:02 UTC] db_connection.php loaded successfully
[02-Apr-2025 06:27:02 UTC] Fetching proposal with ID: 20
[02-Apr-2025 06:27:02 UTC] Request processing completed


--- 2025-04-02 06:27:18 ---
REQUEST METHOD: POST
SESSION: Array
(
    [username] => Lipa
    [user_id] => 1
    [campus] => Lipa
)

SESSION data: Array
(
    [username] => Lipa
    [user_id] => 1
    [campus] => Lipa
)

Database connection successful


--- 2025-04-02 06:27:18 ---
REQUEST METHOD: POST
SESSION: Array
(
    [username] => Lipa
    [user_id] => 1
    [campus] => Lipa
)

SESSION data: Array
(
    [username] => Lipa
    [user_id] => 1
    [campus] => Lipa
)

Database connection successful


--- 2025-04-02 06:27:18 ---
REQUEST METHOD: POST
SESSION: Array
(
    [username] => Lipa
    [user_id] => 1
    [campus] => Lipa
)

SESSION data: Array
(
    [username] => Lipa
    [user_id] => 1
    [campus] => Lipa
)

Database connection successful
[02-Apr-2025 06:34:23 UTC] Accessing get_gad_proposal.php at 2025-04-02 06:34:23
[02-Apr-2025 06:34:23 UTC] db_connection.php loaded successfully
[02-Apr-2025 06:34:23 UTC] Fetching proposal with ID: 20
[02-Apr-2025 06:34:23 UTC] Request processing completed


--- 2025-04-02 06:34:44 ---
REQUEST METHOD: POST
SESSION: Array
(
    [username] => Lipa
    [user_id] => 1
    [campus] => Lipa
)

SESSION data: Array
(
    [username] => Lipa
    [user_id] => 1
    [campus] => Lipa
)

Database connection successful


--- 2025-04-02 06:34:45 ---
REQUEST METHOD: POST
SESSION: Array
(
    [username] => Lipa
    [user_id] => 1
    [campus] => Lipa
)

SESSION data: Array
(
    [username] => Lipa
    [user_id] => 1
    [campus] => Lipa
)

Database connection successful


--- 2025-04-02 06:34:45 ---
REQUEST METHOD: POST
SESSION: Array
(
    [username] => Lipa
    [user_id] => 1
    [campus] => Lipa
)

SESSION data: Array
(
    [username] => Lipa
    [user_id] => 1
    [campus] => Lipa
)

Database connection successful
[02-Apr-2025 06:34:53 UTC] Accessing get_gad_proposal.php at 2025-04-02 06:34:53
[02-Apr-2025 06:34:53 UTC] db_connection.php loaded successfully
[02-Apr-2025 06:34:53 UTC] Fetching proposal with ID: 20
[02-Apr-2025 06:34:53 UTC] Request processing completed
[02-Apr-2025 06:35:06 UTC] Accessing get_gad_proposal.php at 2025-04-02 06:35:06
[02-Apr-2025 06:35:06 UTC] db_connection.php loaded successfully
[02-Apr-2025 06:35:06 UTC] Fetching proposal with ID: 21
[02-Apr-2025 06:35:06 UTC] Request processing completed


--- 2025-04-02 06:35:28 ---
REQUEST METHOD: POST
SESSION: Array
(
    [username] => Lipa
    [user_id] => 1
    [campus] => Lipa
)

SESSION data: Array
(
    [username] => Lipa
    [user_id] => 1
    [campus] => Lipa
)

Database connection successful


--- 2025-04-02 06:35:28 ---
REQUEST METHOD: POST
SESSION: Array
(
    [username] => Lipa
    [user_id] => 1
    [campus] => Lipa
)

SESSION data: Array
(
    [username] => Lipa
    [user_id] => 1
    [campus] => Lipa
)

Database connection successful


--- 2025-04-02 06:35:28 ---
REQUEST METHOD: POST
SESSION: Array
(
    [username] => Lipa
    [user_id] => 1
    [campus] => Lipa
)

SESSION data: Array
(
    [username] => Lipa
    [user_id] => 1
    [campus] => Lipa
)

Database connection successful
[02-Apr-2025 06:35:34 UTC] Accessing get_gad_proposal.php at 2025-04-02 06:35:34
[02-Apr-2025 06:35:34 UTC] db_connection.php loaded successfully
[02-Apr-2025 06:35:34 UTC] Fetching proposal with ID: 21
[02-Apr-2025 06:35:34 UTC] Request processing completed
[02-Apr-2025 06:38:03 UTC] Accessing get_gad_proposal.php at 2025-04-02 06:38:03
[02-Apr-2025 06:38:03 UTC] db_connection.php loaded successfully
[02-Apr-2025 06:38:03 UTC] Fetching proposal with ID: 20
[02-Apr-2025 06:38:03 UTC] Request processing completed


--- 2025-04-02 06:38:27 ---
REQUEST METHOD: POST
SESSION: Array
(
    [username] => Lipa
    [user_id] => 1
    [campus] => Lipa
)

SESSION data: Array
(
    [username] => Lipa
    [user_id] => 1
    [campus] => Lipa
)

Database connection successful


--- 2025-04-02 06:38:27 ---
REQUEST METHOD: POST
SESSION: Array
(
    [username] => Lipa
    [user_id] => 1
    [campus] => Lipa
)

SESSION data: Array
(
    [username] => Lipa
    [user_id] => 1
    [campus] => Lipa
)

Database connection successful


--- 2025-04-02 06:38:27 ---
REQUEST METHOD: POST
SESSION: Array
(
    [username] => Lipa
    [user_id] => 1
    [campus] => Lipa
)

SESSION data: Array
(
    [username] => Lipa
    [user_id] => 1
    [campus] => Lipa
)

Database connection successful


--- 2025-04-02 06:38:30 ---
REQUEST METHOD: POST
SESSION: Array
(
    [username] => Lipa
    [user_id] => 1
    [campus] => Lipa
)

SESSION data: Array
(
    [username] => Lipa
    [user_id] => 1
    [campus] => Lipa
)

Database connection successful


--- 2025-04-02 06:38:30 ---
REQUEST METHOD: POST
SESSION: Array
(
    [username] => Lipa
    [user_id] => 1
    [campus] => Lipa
)

SESSION data: Array
(
    [username] => Lipa
    [user_id] => 1
    [campus] => Lipa
)

Database connection successful


--- 2025-04-02 06:38:30 ---
REQUEST METHOD: POST
SESSION: Array
(
    [username] => Lipa
    [user_id] => 1
    [campus] => Lipa
)

SESSION data: Array
(
    [username] => Lipa
    [user_id] => 1
    [campus] => Lipa
)

Database connection successful
[02-Apr-2025 06:39:00 UTC] Accessing get_gad_proposal.php at 2025-04-02 06:39:01
[02-Apr-2025 06:39:01 UTC] db_connection.php loaded successfully
[02-Apr-2025 06:39:01 UTC] Fetching proposal with ID: 21
[02-Apr-2025 06:39:01 UTC] Request processing completed
[02-Apr-2025 06:39:12 UTC] Accessing get_gad_proposal.php at 2025-04-02 06:39:12
[02-Apr-2025 06:39:12 UTC] db_connection.php loaded successfully
[02-Apr-2025 06:39:12 UTC] Fetching proposal with ID: 20
[02-Apr-2025 06:39:12 UTC] Request processing completed
[02-Apr-2025 06:43:06 UTC] Accessing get_gad_proposal.php at 2025-04-02 06:43:06
[02-Apr-2025 06:43:06 UTC] db_connection.php loaded successfully
[02-Apr-2025 06:43:06 UTC] Fetching proposal with ID: 20
[02-Apr-2025 06:43:06 UTC] Request processing completed


--- 2025-04-02 06:43:41 ---
REQUEST METHOD: POST
SESSION: Array
(
    [username] => Lipa
    [user_id] => 1
    [campus] => Lipa
)

SESSION data: Array
(
    [username] => Lipa
    [user_id] => 1
    [campus] => Lipa
)

Database connection successful


--- 2025-04-02 06:43:41 ---
REQUEST METHOD: POST
SESSION: Array
(
    [username] => Lipa
    [user_id] => 1
    [campus] => Lipa
)

SESSION data: Array
(
    [username] => Lipa
    [user_id] => 1
    [campus] => Lipa
)

Database connection successful


--- 2025-04-02 06:43:41 ---
REQUEST METHOD: POST
SESSION: Array
(
    [username] => Lipa
    [user_id] => 1
    [campus] => Lipa
)

SESSION data: Array
(
    [username] => Lipa
    [user_id] => 1
    [campus] => Lipa
)

Database connection successful
[02-Apr-2025 06:43:47 UTC] Accessing get_gad_proposal.php at 2025-04-02 06:43:47
[02-Apr-2025 06:43:47 UTC] db_connection.php loaded successfully
[02-Apr-2025 06:43:47 UTC] Fetching proposal with ID: 20
[02-Apr-2025 06:43:47 UTC] Request processing completed
[02-Apr-2025 06:44:00 UTC] Accessing get_gad_proposal.php at 2025-04-02 06:44:00
[02-Apr-2025 06:44:00 UTC] db_connection.php loaded successfully
[02-Apr-2025 06:44:00 UTC] Fetching proposal with ID: 20
[02-Apr-2025 06:44:00 UTC] Request processing completed


--- 2025-04-02 06:45:17 ---
REQUEST METHOD: POST
SESSION: Array
(
    [username] => Lipa
    [user_id] => 1
    [campus] => Lipa
)

SESSION data: Array
(
    [username] => Lipa
    [user_id] => 1
    [campus] => Lipa
)

Database connection successful


--- 2025-04-02 06:45:17 ---
REQUEST METHOD: POST
SESSION: Array
(
    [username] => Lipa
    [user_id] => 1
    [campus] => Lipa
)

SESSION data: Array
(
    [username] => Lipa
    [user_id] => 1
    [campus] => Lipa
)

Database connection successful


--- 2025-04-02 06:45:17 ---
REQUEST METHOD: POST
SESSION: Array
(
    [username] => Lipa
    [user_id] => 1
    [campus] => Lipa
)

SESSION data: Array
(
    [username] => Lipa
    [user_id] => 1
    [campus] => Lipa
)

Database connection successful
[02-Apr-2025 06:50:24 UTC] Accessing get_gad_proposal.php at 2025-04-02 06:50:24
[02-Apr-2025 06:50:24 UTC] db_connection.php loaded successfully
[02-Apr-2025 06:50:24 UTC] Fetching proposal with ID: 20
[02-Apr-2025 06:50:25 UTC] Request processing completed


--- 2025-04-02 06:50:59 ---
REQUEST METHOD: POST
SESSION: Array
(
    [username] => Lipa
    [user_id] => 1
    [campus] => Lipa
)

SESSION data: Array
(
    [username] => Lipa
    [user_id] => 1
    [campus] => Lipa
)

Database connection successful


--- 2025-04-02 06:50:59 ---
REQUEST METHOD: POST
SESSION: Array
(
    [username] => Lipa
    [user_id] => 1
    [campus] => Lipa
)

SESSION data: Array
(
    [username] => Lipa
    [user_id] => 1
    [campus] => Lipa
)

Database connection successful


--- 2025-04-02 06:50:59 ---
REQUEST METHOD: POST
SESSION: Array
(
    [username] => Lipa
    [user_id] => 1
    [campus] => Lipa
)

SESSION data: Array
(
    [username] => Lipa
    [user_id] => 1
    [campus] => Lipa
)

Database connection successful
[02-Apr-2025 06:51:05 UTC] Accessing get_gad_proposal.php at 2025-04-02 06:51:05
[02-Apr-2025 06:51:06 UTC] db_connection.php loaded successfully
[02-Apr-2025 06:51:06 UTC] Fetching proposal with ID: 20
[02-Apr-2025 06:51:06 UTC] Request processing completed
[02-Apr-2025 06:52:00 UTC] Accessing get_gad_proposal.php at 2025-04-02 06:52:00
[02-Apr-2025 06:52:00 UTC] db_connection.php loaded successfully
[02-Apr-2025 06:52:00 UTC] Fetching proposal with ID: 20
[02-Apr-2025 06:52:01 UTC] Request processing completed
[02-Apr-2025 07:01:17 UTC] Accessing get_gad_proposal.php at 2025-04-02 07:01:17
[02-Apr-2025 07:01:17 UTC] db_connection.php loaded successfully
[02-Apr-2025 07:01:17 UTC] Fetching proposal with ID: 20
[02-Apr-2025 07:01:17 UTC] Request processing completed
[02-Apr-2025 07:01:50 UTC] Accessing get_gad_proposal.php at 2025-04-02 07:01:50
[02-Apr-2025 07:01:50 UTC] db_connection.php loaded successfully
[02-Apr-2025 07:01:50 UTC] Fetching proposal with ID: 20
[02-Apr-2025 07:01:50 UTC] Request processing completed
[02-Apr-2025 07:01:55 UTC] Accessing get_gad_proposal.php at 2025-04-02 07:01:55
[02-Apr-2025 07:01:55 UTC] db_connection.php loaded successfully
[02-Apr-2025 07:01:55 UTC] Fetching proposal with ID: 20
[02-Apr-2025 07:01:56 UTC] Request processing completed
[02-Apr-2025 07:01:57 UTC] Accessing get_gad_proposal.php at 2025-04-02 07:01:57
[02-Apr-2025 07:01:57 UTC] db_connection.php loaded successfully
[02-Apr-2025 07:01:57 UTC] Fetching proposal with ID: 20
[02-Apr-2025 07:01:57 UTC] Request processing completed
[02-Apr-2025 07:05:22 UTC] Accessing get_gad_proposal.php at 2025-04-02 07:05:22
[02-Apr-2025 07:05:22 UTC] db_connection.php loaded successfully
[02-Apr-2025 07:05:22 UTC] Fetching proposal with ID: 20
[02-Apr-2025 07:05:22 UTC] Request processing completed


--- 2025-04-02 07:05:51 ---
REQUEST METHOD: POST
SESSION: Array
(
    [username] => Lipa
    [user_id] => 1
    [campus] => Lipa
)

SESSION data: Array
(
    [username] => Lipa
    [user_id] => 1
    [campus] => Lipa
)

Database connection successful


--- 2025-04-02 07:05:51 ---
REQUEST METHOD: POST
SESSION: Array
(
    [username] => Lipa
    [user_id] => 1
    [campus] => Lipa
)

SESSION data: Array
(
    [username] => Lipa
    [user_id] => 1
    [campus] => Lipa
)

Database connection successful


--- 2025-04-02 07:05:51 ---
REQUEST METHOD: POST
SESSION: Array
(
    [username] => Lipa
    [user_id] => 1
    [campus] => Lipa
)

SESSION data: Array
(
    [username] => Lipa
    [user_id] => 1
    [campus] => Lipa
)

Database connection successful
[02-Apr-2025 07:05:59 UTC] Accessing get_gad_proposal.php at 2025-04-02 07:05:59
[02-Apr-2025 07:05:59 UTC] db_connection.php loaded successfully
[02-Apr-2025 07:05:59 UTC] Fetching proposal with ID: 20
[02-Apr-2025 07:06:00 UTC] Request processing completed
[02-Apr-2025 07:15:40 UTC] Accessing get_gad_proposal.php at 2025-04-02 07:15:40
[02-Apr-2025 07:15:40 UTC] db_connection.php loaded successfully
[02-Apr-2025 07:15:40 UTC] Fetching proposal with ID: 20
[02-Apr-2025 07:15:40 UTC] Request processing completed


--- 2025-04-02 07:16:18 ---
REQUEST METHOD: POST
SESSION: Array
(
    [username] => Lipa
    [user_id] => 1
    [campus] => Lipa
)

SESSION data: Array
(
    [username] => Lipa
    [user_id] => 1
    [campus] => Lipa
)

Database connection successful


--- 2025-04-02 07:16:18 ---
REQUEST METHOD: POST
SESSION: Array
(
    [username] => Lipa
    [user_id] => 1
    [campus] => Lipa
)

SESSION data: Array
(
    [username] => Lipa
    [user_id] => 1
    [campus] => Lipa
)

Database connection successful


--- 2025-04-02 07:16:18 ---
REQUEST METHOD: POST
SESSION: Array
(
    [username] => Lipa
    [user_id] => 1
    [campus] => Lipa
)

SESSION data: Array
(
    [username] => Lipa
    [user_id] => 1
    [campus] => Lipa
)

Database connection successful
[02-Apr-2025 07:16:25 UTC] Accessing get_gad_proposal.php at 2025-04-02 07:16:25
[02-Apr-2025 07:16:25 UTC] db_connection.php loaded successfully
[02-Apr-2025 07:16:25 UTC] Fetching proposal with ID: 20
[02-Apr-2025 07:16:25 UTC] Request processing completed
[02-Apr-2025 07:32:54 UTC] Accessing get_gad_proposal.php at 2025-04-02 07:32:54
[02-Apr-2025 07:32:54 UTC] db_connection.php loaded successfully
[02-Apr-2025 07:32:54 UTC] Fetching proposal with ID: 20
[02-Apr-2025 07:32:54 UTC] Request processing completed


--- 2025-04-02 07:33:23 ---
REQUEST METHOD: POST
SESSION: Array
(
    [username] => Lipa
    [user_id] => 1
    [campus] => Lipa
)

SESSION data: Array
(
    [username] => Lipa
    [user_id] => 1
    [campus] => Lipa
)

Database connection successful


--- 2025-04-02 07:33:23 ---
REQUEST METHOD: POST
SESSION: Array
(
    [username] => Lipa
    [user_id] => 1
    [campus] => Lipa
)

SESSION data: Array
(
    [username] => Lipa
    [user_id] => 1
    [campus] => Lipa
)

Database connection successful


--- 2025-04-02 07:33:23 ---
REQUEST METHOD: POST
SESSION: Array
(
    [username] => Lipa
    [user_id] => 1
    [campus] => Lipa
)

SESSION data: Array
(
    [username] => Lipa
    [user_id] => 1
    [campus] => Lipa
)

Database connection successful
[02-Apr-2025 07:33:32 UTC] Accessing get_gad_proposal.php at 2025-04-02 07:33:32
[02-Apr-2025 07:33:32 UTC] db_connection.php loaded successfully
[02-Apr-2025 07:33:32 UTC] Fetching proposal with ID: 20
[02-Apr-2025 07:33:32 UTC] Request processing completed


--- 2025-04-02 07:34:19 ---
REQUEST METHOD: POST
SESSION: Array
(
    [username] => Lipa
    [user_id] => 1
    [campus] => Lipa
)

SESSION data: Array
(
    [username] => Lipa
    [user_id] => 1
    [campus] => Lipa
)

Database connection successful


--- 2025-04-02 07:34:20 ---
REQUEST METHOD: POST
SESSION: Array
(
    [username] => Lipa
    [user_id] => 1
    [campus] => Lipa
)

SESSION data: Array
(
    [username] => Lipa
    [user_id] => 1
    [campus] => Lipa
)

Database connection successful


--- 2025-04-02 07:34:20 ---
REQUEST METHOD: POST
SESSION: Array
(
    [username] => Lipa
    [user_id] => 1
    [campus] => Lipa
)

SESSION data: Array
(
    [username] => Lipa
    [user_id] => 1
    [campus] => Lipa
)

Database connection successful
[02-Apr-2025 07:34:26 UTC] Accessing get_gad_proposal.php at 2025-04-02 07:34:26
[02-Apr-2025 07:34:26 UTC] db_connection.php loaded successfully
[02-Apr-2025 07:34:26 UTC] Fetching proposal with ID: 20
[02-Apr-2025 07:34:26 UTC] Request processing completed


--- 2025-04-02 07:37:25 ---
REQUEST METHOD: POST
SESSION: Array
(
    [username] => Lipa
    [user_id] => 1
    [campus] => Lipa
)

SESSION data: Array
(
    [username] => Lipa
    [user_id] => 1
    [campus] => Lipa
)

Database connection successful


--- 2025-04-02 07:37:25 ---
REQUEST METHOD: POST
SESSION: Array
(
    [username] => Lipa
    [user_id] => 1
    [campus] => Lipa
)

SESSION data: Array
(
    [username] => Lipa
    [user_id] => 1
    [campus] => Lipa
)

Database connection successful


--- 2025-04-02 07:37:25 ---
REQUEST METHOD: POST
SESSION: Array
(
    [username] => Lipa
    [user_id] => 1
    [campus] => Lipa
)

SESSION data: Array
(
    [username] => Lipa
    [user_id] => 1
    [campus] => Lipa
)

Database connection successful
[02-Apr-2025 07:37:33 UTC] Accessing get_gad_proposal.php at 2025-04-02 07:37:33
[02-Apr-2025 07:37:33 UTC] db_connection.php loaded successfully
[02-Apr-2025 07:37:33 UTC] Fetching proposal with ID: 22
[02-Apr-2025 07:37:33 UTC] Request processing completed


--- 2025-04-02 07:46:42 ---
REQUEST METHOD: POST
SESSION: Array
(
    [username] => Lipa
    [user_id] => 1
    [campus] => Lipa
)

SESSION data: Array
(
    [username] => Lipa
    [user_id] => 1
    [campus] => Lipa
)

Database connection successful


--- 2025-04-02 07:46:42 ---
REQUEST METHOD: POST
SESSION: Array
(
    [username] => Lipa
    [user_id] => 1
    [campus] => Lipa
)

SESSION data: Array
(
    [username] => Lipa
    [user_id] => 1
    [campus] => Lipa
)

Database connection successful


--- 2025-04-02 07:46:42 ---
REQUEST METHOD: POST
SESSION: Array
(
    [username] => Lipa
    [user_id] => 1
    [campus] => Lipa
)

SESSION data: Array
(
    [username] => Lipa
    [user_id] => 1
    [campus] => Lipa
)

Database connection successful


--- 2025-04-02 08:03:28 ---
REQUEST METHOD: POST
SESSION: Array
(
    [username] => Lipa
    [user_id] => 1
    [campus] => Lipa
)

SESSION data: Array
(
    [username] => Lipa
    [user_id] => 1
    [campus] => Lipa
)

Database connection successful


--- 2025-04-02 08:03:28 ---
REQUEST METHOD: POST
SESSION: Array
(
    [username] => Lipa
    [user_id] => 1
    [campus] => Lipa
)

SESSION data: Array
(
    [username] => Lipa
    [user_id] => 1
    [campus] => Lipa
)

Database connection successful


--- 2025-04-02 08:03:28 ---
REQUEST METHOD: POST
SESSION: Array
(
    [username] => Lipa
    [user_id] => 1
    [campus] => Lipa
)

SESSION data: Array
(
    [username] => Lipa
    [user_id] => 1
    [campus] => Lipa
)

Database connection successful
[02-Apr-2025 08:04:09 UTC] Accessing get_gad_proposal.php at 2025-04-02 08:04:09
[02-Apr-2025 08:04:09 UTC] db_connection.php loaded successfully
[02-Apr-2025 08:04:09 UTC] Fetching proposal with ID: 28
[02-Apr-2025 08:04:09 UTC] Request processing completed
[02-Apr-2025 08:04:18 UTC] Accessing get_gad_proposal.php at 2025-04-02 08:04:18
[02-Apr-2025 08:04:18 UTC] db_connection.php loaded successfully
[02-Apr-2025 08:04:18 UTC] Fetching proposal with ID: 30
[02-Apr-2025 08:04:18 UTC] Request processing completed
[02-Apr-2025 08:21:03 UTC] Accessing get_gad_proposal.php at 2025-04-02 08:21:03
[02-Apr-2025 08:21:03 UTC] db_connection.php loaded successfully
[02-Apr-2025 08:21:03 UTC] Fetching proposal with ID: 8
[02-Apr-2025 08:21:03 UTC] Request processing completed


--- 2025-04-02 08:21:22 ---
REQUEST METHOD: POST
SESSION: Array
(
    [username] => Lipa
    [user_id] => 1
    [campus] => Lipa
)

SESSION data: Array
(
    [username] => Lipa
    [user_id] => 1
    [campus] => Lipa
)

Database connection successful


--- 2025-04-02 08:21:22 ---
REQUEST METHOD: POST
SESSION: Array
(
    [username] => Lipa
    [user_id] => 1
    [campus] => Lipa
)

SESSION data: Array
(
    [username] => Lipa
    [user_id] => 1
    [campus] => Lipa
)

Database connection successful


--- 2025-04-02 08:21:22 ---
REQUEST METHOD: POST
SESSION: Array
(
    [username] => Lipa
    [user_id] => 1
    [campus] => Lipa
)

SESSION data: Array
(
    [username] => Lipa
    [user_id] => 1
    [campus] => Lipa
)

Database connection successful
[03-Apr-2025 00:03:56 UTC] Accessing get_gad_proposal.php at 2025-04-03 00:03:56
[03-Apr-2025 00:03:56 UTC] db_connection.php loaded successfully
[03-Apr-2025 00:03:56 UTC] Fetching proposal with ID: 28
[03-Apr-2025 00:03:56 UTC] Request processing completed


--- 2025-04-03 00:04:24 ---
REQUEST METHOD: POST
SESSION: Array
(
    [username] => Lipa
    [user_id] => 1
)

SESSION data: Array
(
    [username] => Lipa
    [user_id] => 1
)

Database connection successful
Skipping meaningless work plan activity entry: lol
Skipping meaningless work plan activity entry: lol
Skipping meaningless work plan entry in workplan table: lol
Skipping meaningless work plan entry in workplan table: lol


--- 2025-04-03 00:04:24 ---
REQUEST METHOD: POST
SESSION: Array
(
    [username] => Lipa
    [user_id] => 1
)

SESSION data: Array
(
    [username] => Lipa
    [user_id] => 1
)

Database connection successful
Skipping meaningless work plan activity entry: lol
Skipping meaningless work plan activity entry: lol
Skipping meaningless work plan entry in workplan table: lol
Skipping meaningless work plan entry in workplan table: lol


--- 2025-04-03 00:04:24 ---
REQUEST METHOD: POST
SESSION: Array
(
    [username] => Lipa
    [user_id] => 1
)

SESSION data: Array
(
    [username] => Lipa
    [user_id] => 1
)

Database connection successful
Skipping meaningless work plan activity entry: lol
Skipping meaningless work plan activity entry: lol
Skipping meaningless work plan entry in workplan table: lol
Skipping meaningless work plan entry in workplan table: lol
[03-Apr-2025 00:04:33 UTC] Accessing get_gad_proposal.php at 2025-04-03 00:04:33
[03-Apr-2025 00:04:33 UTC] db_connection.php loaded successfully
[03-Apr-2025 00:04:33 UTC] Fetching proposal with ID: 28
[03-Apr-2025 00:04:33 UTC] Request processing completed
