Script started at 2025-03-29 01:29:01
Request method: POST
SESSION data: Array
(
    [username] => Lipa
    [user_id] => 1
)

Database connection successful
Script started at 2025-03-29 01:29:04
Request method: POST
SESSION data: Array
(
    [username] => Lipa
    [user_id] => 1
)

Database connection successful
Script started at 2025-03-29 01:29:11
Request method: POST
SESSION data: Array
(
    [username] => Lipa
    [user_id] => 1
)

Database connection successful
Script started at 2025-03-29 01:29:35
Request method: POST
SESSION data: Array
(
    [username] => Lipa
    [user_id] => 1
)

Database connection successful
Script started at 2025-03-29 02:41:52
Request method: POST
SESSION data: Array
(
    [username] => Lipa
    [user_id] => 1
)

Database connection successful
Script started at 2025-03-29 02:41:52
Request method: POST
SESSION data: Array
(
    [username] => Lipa
    [user_id] => 1
)

Database connection successful
Script started at 2025-03-29 02:41:52
Request method: POST
SESSION data: Array
(
    [username] => Lipa
    [user_id] => 1
)

Database connection successful
Script started at 2025-03-29 02:43:07
Request method: POST
SESSION data: Array
(
    [username] => Lipa
    [user_id] => 1
)

Database connection successful
Script started at 2025-03-29 02:43:07
Request method: POST
SESSION data: Array
(
    [username] => Lipa
    [user_id] => 1
)

Database connection successful
Script started at 2025-03-29 02:43:07
Request method: POST
SESSION data: Array
(
    [username] => Lipa
    [user_id] => 1
)

Database connection successful
