Script started at 2025-03-28 06:37:45
Request method: POST
SESSION data: Array
(
    [username] => Lipa
    [user_id] => 1
)

Database connection successful
Script started at 2025-03-28 06:37:54
Request method: POST
SESSION data: Array
(
    [username] => Lipa
    [user_id] => 1
)

Database connection successful
Script started at 2025-03-28 06:39:05
Request method: POST
SESSION data: Array
(
    [username] => Lipa
    [user_id] => 1
)

Database connection successful
Script started at 2025-03-28 06:43:00
Request method: POST
SESSION data: Array
(
    [username] => Lipa
    [user_id] => 1
    [campus] => Lipa
)

Database connection successful
Script started at 2025-03-28 06:58:31
Request method: POST
SESSION data: Array
(
    [username] => Lipa
    [user_id] => 1
    [campus] => Lipa
)

Database connection successful
Script started at 2025-03-28 07:18:57
Request method: POST
SESSION data: Array
(
    [username] => Lipa
    [user_id] => 1
    [campus] => Lipa
)

Database connection successful
Script started at 2025-03-28 07:25:07
Request method: POST
SESSION data: Array
(
    [username] => Lipa
    [user_id] => 1
    [campus] => Lipa
)

Database connection successful
Script started at 2025-03-28 07:26:49
Request method: POST
SESSION data: Array
(
    [username] => Lipa
    [user_id] => 1
    [campus] => Lipa
)

Database connection successful
Script started at 2025-03-28 08:37:43
Request method: POST
SESSION data: Array
(
    [username] => Lipa
    [user_id] => 1
    [campus] => Lipa
)

Database connection successful
Script started at 2025-03-28 12:49:26
Request method: POST
SESSION data: Array
(
    [username] => Lipa
    [user_id] => 1
)

Database connection successful
Script started at 2025-03-28 12:57:12
Request method: POST
SESSION data: Array
(
    [username] => Lipa
    [user_id] => 1
    [campus] => Lipa
)

Database connection successful
