[21-Feb-2025 03:30:20 UTC] Received JSON input: {"year":"2022","quarter":"Q1","title":"lkj","location":"lipa","date":"2025-02-26","startTime":"02:29","endTime":"05:32","hasLunchBreak":1,"totalDuration":"2.05","approvedBudget":"8909","sourceOfBudget":"Grants","beneficiaries":{"internalMaleStudents":5,"internalFemaleStudents":3,"internalMaleFaculty":0,"internalFemaleFaculty":2,"externalType":"Student","externalMale":3,"externalFemale":2},"personnel":{"projectLeader":[],"asstProjectLeader":[{"id":"9","name":"Sophia Martinez","gender":"Female","academicRank":"Assistant Professor","monthlySalary":"6400.00","hourlyRate":"40.00"}],"projectStaff":[{"id":"11","name":"Olivia Garcia","gender":"Female","academicRank":"Lecturer","monthlySalary":"3500.00","hourlyRate":"35.00"}],"otherParticipants":[]}}
[21-Feb-2025 03:30:20 UTC] Inserted PPAS form with ID: 14
[21-Feb-2025 03:30:20 UTC] Inserting personnel: 9 as Assistant Project Leader
[21-Feb-2025 03:30:20 UTC] Inserting personnel: 11 as Project Staff
[21-Feb-2025 03:30:20 UTC] Inserted beneficiaries data
[21-Feb-2025 03:30:20 UTC] Transaction committed successfully
[21-Feb-2025 05:49:08 UTC] Received JSON input: {"year":"2021","quarter":"Q1","title":"j","location":"korea","date":"2025-02-21","startTime":"01:48","endTime":"13:51","hasLunchBreak":1,"totalDuration":"11.05","approvedBudget":"2222","sourceOfBudget":"Other","beneficiaries":{"internalMaleStudents":2,"internalFemaleStudents":2,"internalMaleFaculty":2,"internalFemaleFaculty":2,"externalType":"customer","externalMale":2,"externalFemale":2},"personnel":{"projectLeader":[{"id":"10","name":"James Taylor","gender":"Male","academicRank":"Associate Professor","monthlySalary":"7200.00","hourlyRate":"45.00"}],"asstProjectLeader":[{"id":"11","name":"Olivia Garcia","gender":"Female","academicRank":"Lecturer","monthlySalary":"3500.00","hourlyRate":"35.00"}],"projectStaff":[{"id":"8","name":"Michael Davis","gender":"Male","academicRank":"Lecturer","monthlySalary":"2100.00","hourlyRate":"35.00"}],"otherParticipants":[{"id":"13","name":"Sophia Lee","gender":"Female","academicRank":"Lecturer","monthlySalary":"3150.00","hourlyRate":"35.00"}]}}
[21-Feb-2025 05:49:08 UTC] Inserted PPAS form with ID: 15
[21-Feb-2025 05:49:08 UTC] Inserting personnel: 10 as Project Leader
[21-Feb-2025 05:49:08 UTC] Inserting personnel: 11 as Assistant Project Leader
[21-Feb-2025 05:49:08 UTC] Inserting personnel: 8 as Project Staff
[21-Feb-2025 05:49:08 UTC] Inserting personnel: 13 as Other Participants
[21-Feb-2025 05:49:08 UTC] Inserted beneficiaries data
[21-Feb-2025 05:49:08 UTC] Transaction committed successfully
[25-Feb-2025 00:28:33 UTC] Received JSON input: {"year":"2022","quarter":"Q1","title":"elysia","location":"ww","date":"2025-02-25","startTime":"08:27","endTime":"20:27","hasLunchBreak":1,"totalDuration":"11.00","approvedBudget":"200","sourceOfBudget":"Grants","beneficiaries":{"internalMaleStudents":2,"internalFemaleStudents":2,"internalMaleFaculty":1,"internalFemaleFaculty":1,"externalType":"Student","externalMale":2,"externalFemale":2},"personnel":{"projectLeader":[{"id":"38","name":"Charlie White","gender":"female","academicRank":"Instructor II","monthlySalary":"25843.20","hourlyRate":"161.52"}],"asstProjectLeader":[{"id":"11","name":"Olivia Garcia","gender":"Female","academicRank":"Lecturer","monthlySalary":"3500.00","hourlyRate":"35.00"}],"projectStaff":[{"id":"8","name":"Michael Davis","gender":"Male","academicRank":"Lecturer","monthlySalary":"2100.00","hourlyRate":"35.00"}],"otherParticipants":[{"id":"12","name":"Liam Thomas","gender":"female","academicRank":"Instructor I","monthlySalary":"8000.00","hourlyRate":"50.00"}]}}
[25-Feb-2025 00:28:33 UTC] Inserted PPAS form with ID: 16
[25-Feb-2025 00:28:33 UTC] Inserting personnel: 38 as Project Leader
[25-Feb-2025 00:28:33 UTC] Inserting personnel: 11 as Assistant Project Leader
[25-Feb-2025 00:28:33 UTC] Inserting personnel: 8 as Project Staff
[25-Feb-2025 00:28:33 UTC] Inserting personnel: 12 as Other Participants
[25-Feb-2025 00:28:33 UTC] Inserted beneficiaries data
[25-Feb-2025 00:28:33 UTC] Transaction committed successfully
[11-Mar-2025 06:20:01 UTC] Received JSON input: {"year":"2022","quarter":"Q3","title":"df","location":"kkk","date":"2025-03-11","startTime":"02:18","endTime":"15:18","hasLunchBreak":true,"totalDuration":"13.00 (Net: 11.75)","personnel":{"projectLeader":[{"id":"2","name":"Jane Smith","gender":"female","academicRank":"Associate Professor","monthlySalary":"45000.00","hourlyRate":"281.25"},{"id":"1","name":"John Doe","gender":"male","academicRank":"Professor","monthlySalary":"50000.00","hourlyRate":"312.50"}],"asstProjectLeader":[],"projectStaff":[],"otherParticipants":[]},"beneficiaries":{"internalMaleStudents":"8","internalFemaleStudents":"7","internalMaleFaculty":"1","internalFemaleFaculty":"1","externalType":"g","externalMale":"1","externalFemale":"1"},"approvedBudget":"2","sourceOfBudget":"Income","sdgs":["4"]}
[11-Mar-2025 06:20:01 UTC] Error in database operations: SQLSTATE[42S02]: Base table or view not found: 1146 Table 'gad_db.ppas_forms' doesn't exist
[11-Mar-2025 06:20:01 UTC] Error: SQLSTATE[42S02]: Base table or view not found: 1146 Table 'gad_db.ppas_forms' doesn't exist
[11-Mar-2025 06:23:30 UTC] Received JSON input: {"year":"2022","quarter":"Q3","title":"df","location":"kkk","date":"2025-03-11","startTime":"02:18","endTime":"15:18","hasLunchBreak":true,"totalDuration":"13.00 (Net: 11.75)","personnel":{"projectLeader":[{"id":"2","name":"Jane Smith","gender":"female","academicRank":"Associate Professor","monthlySalary":"45000.00","hourlyRate":"281.25"},{"id":"1","name":"John Doe","gender":"male","academicRank":"Professor","monthlySalary":"50000.00","hourlyRate":"312.50"}],"asstProjectLeader":[],"projectStaff":[],"otherParticipants":[]},"beneficiaries":{"internalMaleStudents":"8","internalFemaleStudents":"7","internalMaleFaculty":"1","internalFemaleFaculty":"1","externalType":"g","externalMale":"1","externalFemale":"1"},"approvedBudget":"2","sourceOfBudget":"Income","sdgs":["4"]}
[11-Mar-2025 06:23:30 UTC] Error in database operations: SQLSTATE[42S22]: Column not found: 1054 Unknown column 'event_date' in 'field list'
[11-Mar-2025 06:23:30 UTC] Error: SQLSTATE[42S22]: Column not found: 1054 Unknown column 'event_date' in 'field list'
[11-Mar-2025 06:26:13 UTC] Received JSON input: {"year":"2021","quarter":"Q2","title":"dwww","location":"h","date":"2025-03-19","startTime":"05:24","endTime":"13:24","hasLunchBreak":true,"totalDuration":"8.00 (Net: 7.00)","personnel":{"projectLeader":[{"id":"2","name":"Jane Smith","gender":"female","academicRank":"Associate Professor","monthlySalary":"45000.00","hourlyRate":"281.25"}],"asstProjectLeader":[{"id":"1","name":"John Doe","gender":"male","academicRank":"Professor","monthlySalary":"50000.00","hourlyRate":"312.50"}],"projectStaff":[{"id":"1","name":"John Doe","gender":"male","academicRank":"Professor","monthlySalary":"50000.00","hourlyRate":"312.50"}],"otherParticipants":[{"id":"2","name":"Jane Smith","gender":"female","academicRank":"Associate Professor","monthlySalary":"45000.00","hourlyRate":"281.25"},{"id":"1","name":"John Doe","gender":"male","academicRank":"Professor","monthlySalary":"50000.00","hourlyRate":"312.50"}]},"beneficiaries":{"internalMaleStudents":"23","internalFemaleStudents":"3","internalMaleFaculty":"3","internalFemaleFaculty":"2","externalType":"2","externalMale":"2","externalFemale":"2"},"approvedBudget":"2","sourceOfBudget":"Income","sdgs":["4"]}
[11-Mar-2025 06:26:13 UTC] Error in database operations: SQLSTATE[42S22]: Column not found: 1054 Unknown column 'event_date' in 'field list'
[11-Mar-2025 06:26:13 UTC] Error: SQLSTATE[42S22]: Column not found: 1054 Unknown column 'event_date' in 'field list'
[11-Mar-2025 06:28:45 UTC] Received JSON input: {"year":"2021","quarter":"Q2","title":"dwww","location":"h","date":"2025-03-19","startTime":"05:24","endTime":"13:24","hasLunchBreak":true,"totalDuration":"8.00 (Net: 7.00)","personnel":{"projectLeader":[{"id":"2","name":"Jane Smith","gender":"female","academicRank":"Associate Professor","monthlySalary":"45000.00","hourlyRate":"281.25"}],"asstProjectLeader":[{"id":"1","name":"John Doe","gender":"male","academicRank":"Professor","monthlySalary":"50000.00","hourlyRate":"312.50"}],"projectStaff":[{"id":"1","name":"John Doe","gender":"male","academicRank":"Professor","monthlySalary":"50000.00","hourlyRate":"312.50"}],"otherParticipants":[{"id":"2","name":"Jane Smith","gender":"female","academicRank":"Associate Professor","monthlySalary":"45000.00","hourlyRate":"281.25"},{"id":"1","name":"John Doe","gender":"male","academicRank":"Professor","monthlySalary":"50000.00","hourlyRate":"312.50"}]},"beneficiaries":{"internalMaleStudents":"23","internalFemaleStudents":"3","internalMaleFaculty":"3","internalFemaleFaculty":"2","externalType":"2","externalMale":"2","externalFemale":"2"},"approvedBudget":"2","sourceOfBudget":"Income","sdgs":["4"]}
[11-Mar-2025 06:28:45 UTC] Inserted PPAS form with ID: 1
[11-Mar-2025 06:28:45 UTC] Transaction committed successfully
[11-Mar-2025 07:16:14 UTC] Received JSON input: {"year":"2023","quarter":"Q1","title":"n","location":"n","date":"2025-03-13","startTime":"03:12","endTime":"15:13","hasLunchBreak":false,"totalDuration":"12.02","personnel":{"projectLeader":[{"id":2,"name":"Jane Smith","gender":"female","academic_rank":"Associate Professor","monthly_salary":"45000.00","hourly_rate":"281.25"},{"id":1,"name":"John Doe","gender":"male","academic_rank":"Professor","monthly_salary":"50000.00","hourly_rate":"312.50"}],"asstProjectLeader":[{"id":5,"name":"Michael Johnson","gender":"male","academic_rank":"Assistant Professor","monthly_salary":"60000.00","hourly_rate":"300.00"}],"projectStaff":[{"id":8,"name":"Sophia Wilson","gender":"female","academic_rank":"Assistant Professor","monthly_salary":"62000.00","hourly_rate":"310.00"}],"otherParticipants":[{"id":7,"name":"Daniel Brown","gender":"male","academic_rank":"Associate Professor","monthly_salary":"58000.00","hourly_rate":"290.00"}]},"beneficiaries":{"internalMaleStudents":"9","internalFemaleStudents":"8","internalMaleFaculty":"3","internalFemaleFaculty":"2","externalType":"j","externalMale":"2","externalFemale":"2"},"approvedBudget":"22222","sourceOfBudget":"Grants","sdgs":["4"]}
[11-Mar-2025 07:16:14 UTC] Inserted PPAS form with ID: 2
[11-Mar-2025 07:16:14 UTC] Transaction committed successfully
[17-Mar-2025 01:37:07 UTC] Received JSON input: {"year":"2021","quarter":"Q2","title":"w","location":"w","date":"2025-02-27","startTime":"09:35","endTime":"21:35","hasLunchBreak":true,"totalDuration":"12.00 (Net: 11.00)","personnel":{"projectLeader":[{"id":6,"name":"Emily Davis","gender":"lesbian","academic_rank":"1","monthly_salary":"52000.00","hourly_rate":"260.00"}],"asstProjectLeader":[{"id":7,"name":"Daniel Brown","gender":"gay","academic_rank":"2","monthly_salary":"58000.00","hourly_rate":"290.00"}],"projectStaff":[{"id":2,"name":"Jane Smith","gender":"female","academic_rank":"2","monthly_salary":"45000.00","hourly_rate":"281.25"},{"id":1,"name":"John Doe","gender":"male","academic_rank":"1","monthly_salary":"50000.00","hourly_rate":"312.50"}],"otherParticipants":[{"id":12,"name":"Ava Taylor","gender":"female","academic_rank":"1","monthly_salary":"53000.00","hourly_rate":"265.00"},{"id":6,"name":"Emily Davis","gender":"lesbian","academic_rank":"1","monthly_salary":"52000.00","hourly_rate":"260.00"}]},"beneficiaries":{"internalMaleStudents":"12","internalFemaleStudents":"22","internalMaleFaculty":"1","internalFemaleFaculty":"2","externalType":"2","externalMale":"2","externalFemale":"2"},"approvedBudget":"2","sourceOfBudget":"Income","sdgs":["2"]}
[17-Mar-2025 01:37:07 UTC] Inserted PPAS form with ID: 3
[17-Mar-2025 01:37:07 UTC] Transaction committed successfully
[17-Mar-2025 02:23:27 UTC] Received JSON input: {"year":"2021","quarter":"Q1","title":"dwwww","location":"w","date":"2025-03-17","startTime":"10:21","endTime":"22:21","hasLunchBreak":true,"totalDuration":"12.00 (Net: 11.00)","personnel":{"projectLeader":[],"asstProjectLeader":[],"projectStaff":[],"otherParticipants":[]},"beneficiaries":{"internalMaleStudents":"2","internalFemaleStudents":"2","internalMaleFaculty":"0","internalFemaleFaculty":"3","externalType":"fw","externalMale":"2","externalFemale":"2"},"approvedBudget":"3","sourceOfBudget":"GAA","sdgs":["2"]}
[17-Mar-2025 02:23:27 UTC] Inserted PPAS form with ID: 4
[17-Mar-2025 02:23:27 UTC] Transaction committed successfully
[17-Mar-2025 02:47:54 UTC] Received JSON input: {"year":"2021","quarter":"Q2","title":"g","location":"g","date":"2025-03-21","startTime":"10:47","endTime":"22:47","hasLunchBreak":false,"totalDuration":"12.00","personnel":{"projectLeader":[],"asstProjectLeader":[],"projectStaff":[],"otherParticipants":[]},"beneficiaries":{"internalMaleStudents":"2","internalFemaleStudents":"2","internalMaleFaculty":"1","internalFemaleFaculty":"2","externalType":"2","externalMale":"2","externalFemale":"2"},"approvedBudget":"2222222","sourceOfBudget":"Income","sdgs":["3"]}
[17-Mar-2025 02:47:54 UTC] Inserted PPAS form with ID: 5
[17-Mar-2025 02:47:54 UTC] Transaction committed successfully
[17-Mar-2025 02:57:06 UTC] Received JSON input: {"year":"2021","quarter":"Q1","title":"ed","location":"e","date":"2025-03-27","startTime":"10:55","endTime":"22:55","hasLunchBreak":true,"totalDuration":"12.00 (Net: 11.00)","personnel":{"projectLeader":[],"asstProjectLeader":[],"projectStaff":[],"otherParticipants":[]},"beneficiaries":{"internalMaleStudents":"2","internalFemaleStudents":"2","internalMaleFaculty":"1","internalFemaleFaculty":"3","externalType":"2","externalMale":"2","externalFemale":"2"},"approvedBudget":"3","sourceOfBudget":"GAA","sdgs":["2"]}
[17-Mar-2025 02:57:06 UTC] Inserted PPAS form with ID: 6
[17-Mar-2025 02:57:06 UTC] Transaction committed successfully
